{"level":"info","message":"Starting Bayesian","timestamp":"2017-10-12T06:16:10.334Z"}
{"level":"debug","message":"on file open file:///Users/asrisail/Documents/Arun/Works/Forked/3scale-admin-gateway/.gitignore","timestamp":"2017-10-12T06:16:10.351Z"}
{"level":"debug","message":"on file open git:/Users/asrisail/Documents/Arun/Works/Forked/3scale-admin-gateway/.gitignore","timestamp":"2017-10-12T06:16:10.353Z"}
{"level":"debug","message":"on change git:/Users/asrisail/Documents/Arun/Works/Forked/3scale-admin-gateway/.gitignore","timestamp":"2017-10-12T06:16:19.330Z"}
{"level":"debug","message":"on change git:/Users/asrisail/Documents/Arun/Works/Forked/3scale-admin-gateway/.gitignore","timestamp":"2017-10-12T06:16:37.787Z"}
{"level":"debug","message":"on change git:/Users/asrisail/Documents/Arun/Works/Forked/3scale-admin-gateway/.gitignore","timestamp":"2017-10-12T06:24:34.518Z"}
{"level":"debug","message":"on change git:/Users/asrisail/Documents/Arun/Works/Forked/3scale-admin-gateway/.gitignore","timestamp":"2017-10-12T06:25:34.084Z"}
{"level":"debug","message":"on file open file:///Users/asrisail/Documents/Arun/Works/Forked/3scale-admin-gateway/openshift/template.yaml","timestamp":"2017-10-12T06:25:36.116Z"}
{"level":"debug","message":"on file open git:/Users/asrisail/Documents/Arun/Works/Forked/3scale-admin-gateway/openshift/template.yaml","timestamp":"2017-10-12T06:25:37.706Z"}
{"level":"debug","message":"on change git:/Users/asrisail/Documents/Arun/Works/Forked/3scale-admin-gateway/openshift/template.yaml","timestamp":"2017-10-12T06:25:37.908Z"}
{"level":"debug","message":"on file open file:///Users/asrisail/Documents/Arun/Works/Forked/3scale-admin-gateway/template.yaml","timestamp":"2017-10-12T06:25:39.128Z"}
{"level":"debug","message":"on file open git:/Users/asrisail/Documents/Arun/Works/Forked/3scale-admin-gateway/template.yaml","timestamp":"2017-10-12T06:25:39.326Z"}
{"level":"debug","message":"on change git:/Users/asrisail/Documents/Arun/Works/Forked/3scale-admin-gateway/template.yaml","timestamp":"2017-10-12T06:25:39.556Z"}
{"level":"debug","message":"on file open git:/Users/asrisail/Documents/Arun/Works/Forked/3scale-admin-gateway/.gitignore","timestamp":"2017-10-12T06:25:51.429Z"}
{"level":"debug","message":"on change git:/Users/asrisail/Documents/Arun/Works/Forked/3scale-admin-gateway/.gitignore","timestamp":"2017-10-12T06:25:51.660Z"}
{"level":"debug","message":"on change git:/Users/asrisail/Documents/Arun/Works/Forked/3scale-admin-gateway/.gitignore","timestamp":"2017-10-12T06:25:53.222Z"}
{"level":"debug","message":"on change git:/Users/asrisail/Documents/Arun/Works/Forked/3scale-admin-gateway/.gitignore","timestamp":"2017-10-12T06:26:03.248Z"}
{"level":"debug","message":"on file open file:///Users/asrisail/Documents/Arun/Works/Forked/3scale-admin-gateway/README.md","timestamp":"2017-10-12T06:26:24.532Z"}
{"level":"debug","message":"on file open git:/Users/asrisail/Documents/Arun/Works/Forked/3scale-admin-gateway/README.md","timestamp":"2017-10-12T06:26:24.544Z"}
{"level":"debug","message":"on change git:/Users/asrisail/Documents/Arun/Works/Forked/3scale-admin-gateway/README.md","timestamp":"2017-10-12T06:26:24.768Z"}
{"level":"debug","message":"on change git:/Users/asrisail/Documents/Arun/Works/Forked/3scale-admin-gateway/README.md","timestamp":"2017-10-12T06:26:41.732Z"}
{"level":"debug","message":"on change git:/Users/asrisail/Documents/Arun/Works/Forked/3scale-admin-gateway/README.md","timestamp":"2017-10-12T06:26:53.056Z"}
{"level":"debug","message":"on change git:/Users/asrisail/Documents/Arun/Works/Forked/3scale-admin-gateway/README.md","timestamp":"2017-10-12T06:27:03.035Z"}
{"level":"debug","message":"on file open file:///Users/asrisail/Documents/Arun/Works/Forked/3scale-admin-gateway/requirements.txt","timestamp":"2017-10-12T06:27:37.533Z"}
{"level":"debug","message":"get pypirecommender.api.openshift.io/api/v1/component-analyses/pypi///","timestamp":"2017-10-12T06:27:37.537Z"}
{"level":"debug","message":"get pypirecommender.api.openshift.io/api/v1/component-analyses/pypi///","timestamp":"2017-10-12T06:27:37.557Z"}
{"level":"debug","message":"get pypirecommender.api.openshift.io/api/v1/component-analyses/pypi///","timestamp":"2017-10-12T06:27:37.561Z"}
{"level":"debug","message":"get pypirecommender.api.openshift.io/api/v1/component-analyses/pypi///","timestamp":"2017-10-12T06:27:37.562Z"}
{"level":"debug","message":"get pypirecommender.api.openshift.io/api/v1/component-analyses/pypi///","timestamp":"2017-10-12T06:27:37.564Z"}
{"level":"debug","message":"get pypirecommender.api.openshift.io/api/v1/component-analyses/pypi///","timestamp":"2017-10-12T06:27:37.564Z"}
{"level":"debug","message":"get pypirecommender.api.openshift.io/api/v1/component-analyses/pypi/astroid/1.4.8/","timestamp":"2017-10-12T06:27:37.565Z"}
{"level":"debug","message":"get pypirecommender.api.openshift.io/api/v1/component-analyses/pypi/click/6.6/","timestamp":"2017-10-12T06:27:37.566Z"}
{"level":"debug","message":"get pypirecommender.api.openshift.io/api/v1/component-analyses/pypi/Flask/0.11.1/","timestamp":"2017-10-12T06:27:37.566Z"}
{"level":"debug","message":"get pypirecommender.api.openshift.io/api/v1/component-analyses/pypi/flexmock/0.10.2/","timestamp":"2017-10-12T06:27:37.567Z"}
{"level":"debug","message":"get pypirecommender.api.openshift.io/api/v1/component-analyses/pypi/freezegun/0.3.7/","timestamp":"2017-10-12T06:27:37.568Z"}
{"level":"debug","message":"get pypirecommender.api.openshift.io/api/v1/component-analyses/pypi/isort/4.2.5/","timestamp":"2017-10-12T06:27:37.569Z"}
{"level":"debug","message":"get pypirecommender.api.openshift.io/api/v1/component-analyses/pypi/itsdangerous/0.24/","timestamp":"2017-10-12T06:27:37.569Z"}
{"level":"debug","message":"get pypirecommender.api.openshift.io/api/v1/component-analyses/pypi/Jinja2/2.8/","timestamp":"2017-10-12T06:27:37.570Z"}
{"level":"debug","message":"get pypirecommender.api.openshift.io/api/v1/component-analyses/pypi/jsonschema/2.5.1/","timestamp":"2017-10-12T06:27:37.570Z"}
{"level":"debug","message":"get pypirecommender.api.openshift.io/api/v1/component-analyses/pypi/lazy-object-proxy/1.2.2/","timestamp":"2017-10-12T06:27:37.571Z"}
{"level":"debug","message":"get pypirecommender.api.openshift.io/api/v1/component-analyses/pypi/MarkupSafe/0.23/","timestamp":"2017-10-12T06:27:37.573Z"}
{"level":"debug","message":"get pypirecommender.api.openshift.io/api/v1/component-analyses/pypi/mccabe/0.5.2/","timestamp":"2017-10-12T06:27:37.580Z"}
{"level":"debug","message":"get pypirecommender.api.openshift.io/api/v1/component-analyses/pypi/py/1.4.31/","timestamp":"2017-10-12T06:27:37.583Z"}
{"level":"debug","message":"get pypirecommender.api.openshift.io/api/v1/component-analyses/pypi/pylint/1.6.4/","timestamp":"2017-10-12T06:27:37.584Z"}
{"level":"debug","message":"get pypirecommender.api.openshift.io/api/v1/component-analyses/pypi/pytest-flask/0.10.0/","timestamp":"2017-10-12T06:27:37.585Z"}
{"level":"debug","message":"get pypirecommender.api.openshift.io/api/v1/component-analyses/pypi/pytest/3.0.3/","timestamp":"2017-10-12T06:27:37.586Z"}
{"level":"debug","message":"get pypirecommender.api.openshift.io/api/v1/component-analyses/pypi/python-dateutil/2.5.3/","timestamp":"2017-10-12T06:27:37.586Z"}
{"level":"debug","message":"get pypirecommender.api.openshift.io/api/v1/component-analyses/pypi/requests/2.11.1/","timestamp":"2017-10-12T06:27:37.591Z"}
{"level":"debug","message":"get pypirecommender.api.openshift.io/api/v1/component-analyses/pypi/six/1.10.0/","timestamp":"2017-10-12T06:27:37.593Z"}
{"level":"debug","message":"get pypirecommender.api.openshift.io/api/v1/component-analyses/pypi/Werkzeug/0.11.11/","timestamp":"2017-10-12T06:27:37.594Z"}
{"level":"debug","message":"get pypirecommender.api.openshift.io/api/v1/component-analyses/pypi/wrapt/1.10.8/","timestamp":"2017-10-12T06:27:37.594Z"}
{"level":"debug","message":"get pypirecommender.api.openshift.io/api/v1/component-analyses/pypi///","timestamp":"2017-10-12T06:27:37.595Z"}
{"level":"debug","message":"on file open git:/Users/asrisail/Documents/Arun/Works/Forked/3scale-admin-gateway/requirements.txt","timestamp":"2017-10-12T06:27:37.732Z"}
{"level":"debug","message":"get pypirecommender.api.openshift.io/api/v1/component-analyses/pypi///","timestamp":"2017-10-12T06:27:37.733Z"}
{"level":"debug","message":"on change git:/Users/asrisail/Documents/Arun/Works/Forked/3scale-admin-gateway/requirements.txt","timestamp":"2017-10-12T06:27:37.984Z"}
{"level":"debug","message":"get pypirecommender.api.openshift.io/api/v1/component-analyses/pypi/asyncio/3.4.3/","timestamp":"2017-10-12T06:27:37.985Z"}
{"level":"debug","message":"get pypirecommender.api.openshift.io/api/v1/component-analyses/pypi/boto/2.47.0/","timestamp":"2017-10-12T06:27:37.986Z"}
{"level":"debug","message":"get pypirecommender.api.openshift.io/api/v1/component-analyses/pypi/boto3/1.4.4/","timestamp":"2017-10-12T06:27:37.987Z"}
{"level":"debug","message":"get pypirecommender.api.openshift.io/api/v1/component-analyses/pypi/botocore/1.5.63/","timestamp":"2017-10-12T06:27:37.987Z"}
{"level":"debug","message":"get pypirecommender.api.openshift.io/api/v1/component-analyses/pypi/certifi/2017.7.27.1/","timestamp":"2017-10-12T06:27:37.988Z"}
{"level":"debug","message":"get pypirecommender.api.openshift.io/api/v1/component-analyses/pypi/cffi/1.10.0/","timestamp":"2017-10-12T06:27:37.988Z"}
{"level":"debug","message":"get pypirecommender.api.openshift.io/api/v1/component-analyses/pypi/chardet/3.0.4/","timestamp":"2017-10-12T06:27:37.989Z"}
{"level":"debug","message":"get pypirecommender.api.openshift.io/api/v1/component-analyses/pypi/click/6.7/","timestamp":"2017-10-12T06:27:37.990Z"}
{"level":"debug","message":"get pypirecommender.api.openshift.io/api/v1/component-analyses/pypi/cryptography/1.7.2/","timestamp":"2017-10-12T06:27:37.991Z"}
{"level":"debug","message":"get pypirecommender.api.openshift.io/api/v1/component-analyses/pypi/docutils/0.13.1/","timestamp":"2017-10-12T06:27:37.991Z"}
{"level":"debug","message":"get pypirecommender.api.openshift.io/api/v1/component-analyses/pypi/Flask/0.12.2/","timestamp":"2017-10-12T06:27:37.992Z"}
{"level":"debug","message":"get pypirecommender.api.openshift.io/api/v1/component-analyses/pypi/idna/2.5/","timestamp":"2017-10-12T06:27:37.993Z"}
{"level":"debug","message":"get pypirecommender.api.openshift.io/api/v1/component-analyses/pypi/itsdangerous/0.24/","timestamp":"2017-10-12T06:27:37.993Z"}
{"level":"debug","message":"get pypirecommender.api.openshift.io/api/v1/component-analyses/pypi/Jinja2/2.9.6/","timestamp":"2017-10-12T06:27:37.994Z"}
{"level":"debug","message":"get pypirecommender.api.openshift.io/api/v1/component-analyses/pypi/jmespath/0.9.3/","timestamp":"2017-10-12T06:27:37.995Z"}
{"level":"debug","message":"get pypirecommender.api.openshift.io/api/v1/component-analyses/pypi/jwt/0.5.2/","timestamp":"2017-10-12T06:27:37.995Z"}
{"level":"debug","message":"get pypirecommender.api.openshift.io/api/v1/component-analyses/pypi/MarkupSafe/1.0/","timestamp":"2017-10-12T06:27:37.996Z"}
{"level":"debug","message":"get pypirecommender.api.openshift.io/api/v1/component-analyses/pypi/pyasn1/0.2.3/","timestamp":"2017-10-12T06:27:37.996Z"}
{"level":"debug","message":"get pypirecommender.api.openshift.io/api/v1/component-analyses/pypi/pycparser/2.17/","timestamp":"2017-10-12T06:27:37.997Z"}
{"level":"debug","message":"get pypirecommender.api.openshift.io/api/v1/component-analyses/pypi/PyJWT/1.5.3/","timestamp":"2017-10-12T06:27:37.999Z"}
{"level":"debug","message":"get pypirecommender.api.openshift.io/api/v1/component-analyses/pypi/python-dateutil/2.6.0/","timestamp":"2017-10-12T06:27:37.999Z"}
{"level":"debug","message":"get pypirecommender.api.openshift.io/api/v1/component-analyses/pypi/requests/2.18.4/","timestamp":"2017-10-12T06:27:38.000Z"}
{"level":"debug","message":"get pypirecommender.api.openshift.io/api/v1/component-analyses/pypi/s3transfer/0.1.10/","timestamp":"2017-10-12T06:27:38.001Z"}
{"level":"debug","message":"get pypirecommender.api.openshift.io/api/v1/component-analyses/pypi/six/1.10.0/","timestamp":"2017-10-12T06:27:38.002Z"}
{"level":"debug","message":"get pypirecommender.api.openshift.io/api/v1/component-analyses/pypi/urllib3/1.22/","timestamp":"2017-10-12T06:27:38.002Z"}
{"level":"debug","message":"get pypirecommender.api.openshift.io/api/v1/component-analyses/pypi/Werkzeug/0.12.2/","timestamp":"2017-10-12T06:27:38.003Z"}
{"level":"debug","message":"get pypirecommender.api.openshift.io/api/v1/component-analyses/pypi/xmltodict/0.11.0/","timestamp":"2017-10-12T06:27:38.004Z"}
{"level":"debug","message":"get pypirecommender.api.openshift.io/api/v1/component-analyses/pypi///","timestamp":"2017-10-12T06:27:38.005Z"}
{"level":"debug","message":"get pypirecommender.api.openshift.io/api/v1/component-analyses/pypi/asyncio/3.4.3/","timestamp":"2017-10-12T06:27:38.486Z"}
{"level":"debug","message":"get pypirecommender.api.openshift.io/api/v1/component-analyses/pypi/boto/2.47.0/","timestamp":"2017-10-12T06:27:38.486Z"}
{"level":"debug","message":"get pypirecommender.api.openshift.io/api/v1/component-analyses/pypi/boto3/1.4.4/","timestamp":"2017-10-12T06:27:38.487Z"}
{"level":"debug","message":"get pypirecommender.api.openshift.io/api/v1/component-analyses/pypi/botocore/1.5.63/","timestamp":"2017-10-12T06:27:38.488Z"}
{"level":"debug","message":"get pypirecommender.api.openshift.io/api/v1/component-analyses/pypi/certifi/2017.7.27.1/","timestamp":"2017-10-12T06:27:38.489Z"}
{"level":"debug","message":"get pypirecommender.api.openshift.io/api/v1/component-analyses/pypi/cffi/1.10.0/","timestamp":"2017-10-12T06:27:38.489Z"}
{"level":"debug","message":"get pypirecommender.api.openshift.io/api/v1/component-analyses/pypi/chardet/3.0.4/","timestamp":"2017-10-12T06:27:38.490Z"}
{"level":"debug","message":"get pypirecommender.api.openshift.io/api/v1/component-analyses/pypi/click/6.7/","timestamp":"2017-10-12T06:27:38.491Z"}
{"level":"debug","message":"get pypirecommender.api.openshift.io/api/v1/component-analyses/pypi/cryptography/1.7.2/","timestamp":"2017-10-12T06:27:38.491Z"}
{"level":"debug","message":"get pypirecommender.api.openshift.io/api/v1/component-analyses/pypi/docutils/0.13.1/","timestamp":"2017-10-12T06:27:38.492Z"}
{"level":"debug","message":"get pypirecommender.api.openshift.io/api/v1/component-analyses/pypi/Flask/0.12.2/","timestamp":"2017-10-12T06:27:38.493Z"}
{"level":"debug","message":"get pypirecommender.api.openshift.io/api/v1/component-analyses/pypi/idna/2.5/","timestamp":"2017-10-12T06:27:38.493Z"}
{"level":"debug","message":"get pypirecommender.api.openshift.io/api/v1/component-analyses/pypi/itsdangerous/0.24/","timestamp":"2017-10-12T06:27:38.494Z"}
{"level":"debug","message":"get pypirecommender.api.openshift.io/api/v1/component-analyses/pypi/Jinja2/2.9.6/","timestamp":"2017-10-12T06:27:38.494Z"}
{"level":"debug","message":"get pypirecommender.api.openshift.io/api/v1/component-analyses/pypi/jmespath/0.9.3/","timestamp":"2017-10-12T06:27:38.494Z"}
{"level":"debug","message":"get pypirecommender.api.openshift.io/api/v1/component-analyses/pypi/jwt/0.5.2/","timestamp":"2017-10-12T06:27:38.495Z"}
{"level":"debug","message":"get pypirecommender.api.openshift.io/api/v1/component-analyses/pypi/MarkupSafe/1.0/","timestamp":"2017-10-12T06:27:38.495Z"}
{"level":"debug","message":"get pypirecommender.api.openshift.io/api/v1/component-analyses/pypi/pyasn1/0.2.3/","timestamp":"2017-10-12T06:27:38.496Z"}
{"level":"debug","message":"get pypirecommender.api.openshift.io/api/v1/component-analyses/pypi/pycparser/2.17/","timestamp":"2017-10-12T06:27:38.496Z"}
{"level":"debug","message":"get pypirecommender.api.openshift.io/api/v1/component-analyses/pypi/PyJWT/1.5.3/","timestamp":"2017-10-12T06:27:38.499Z"}
{"level":"debug","message":"get pypirecommender.api.openshift.io/api/v1/component-analyses/pypi/python-dateutil/2.6.0/","timestamp":"2017-10-12T06:27:38.500Z"}
{"level":"debug","message":"get pypirecommender.api.openshift.io/api/v1/component-analyses/pypi/requests/2.18.4/","timestamp":"2017-10-12T06:27:38.500Z"}
{"level":"debug","message":"get pypirecommender.api.openshift.io/api/v1/component-analyses/pypi/s3transfer/0.1.10/","timestamp":"2017-10-12T06:27:38.500Z"}
{"level":"debug","message":"get pypirecommender.api.openshift.io/api/v1/component-analyses/pypi/six/1.10.0/","timestamp":"2017-10-12T06:27:38.501Z"}
{"level":"debug","message":"get pypirecommender.api.openshift.io/api/v1/component-analyses/pypi/urllib3/1.22/","timestamp":"2017-10-12T06:27:38.501Z"}
{"level":"debug","message":"get pypirecommender.api.openshift.io/api/v1/component-analyses/pypi/Werkzeug/0.12.2/","timestamp":"2017-10-12T06:27:38.502Z"}
{"level":"debug","message":"get pypirecommender.api.openshift.io/api/v1/component-analyses/pypi/xmltodict/0.11.0/","timestamp":"2017-10-12T06:27:38.502Z"}
{"level":"debug","message":"get pypirecommender.api.openshift.io/api/v1/component-analyses/pypi///","timestamp":"2017-10-12T06:27:38.503Z"}
{"level":"info","message":"status pypi404","timestamp":"2017-10-12T06:27:38.936Z"}
{"level":"info","message":"status pypi404","timestamp":"2017-10-12T06:27:38.939Z"}
{"level":"info","message":"status pypi404","timestamp":"2017-10-12T06:27:38.951Z"}
{"level":"info","message":"status pypi404","timestamp":"2017-10-12T06:27:38.958Z"}
{"level":"info","message":"status pypi404","timestamp":"2017-10-12T06:27:39.051Z"}
{"level":"info","message":"status pypi404","timestamp":"2017-10-12T06:27:39.088Z"}
{"level":"info","message":"status pypi404","timestamp":"2017-10-12T06:27:39.095Z"}
{"level":"info","message":"status pypi404","timestamp":"2017-10-12T06:27:39.104Z"}
{"level":"info","message":"status pypi404","timestamp":"2017-10-12T06:27:39.104Z"}
{"level":"info","message":"status pypi200","timestamp":"2017-10-12T06:27:40.488Z"}
{"level":"debug","message":"response pypi[object Object]","timestamp":"2017-10-12T06:27:40.488Z"}
{"level":"info","message":"status pypi200","timestamp":"2017-10-12T06:27:40.545Z"}
{"level":"debug","message":"response pypi[object Object]","timestamp":"2017-10-12T06:27:40.545Z"}
{"level":"info","message":"status pypi200","timestamp":"2017-10-12T06:27:40.580Z"}
{"level":"debug","message":"response pypi[object Object]","timestamp":"2017-10-12T06:27:40.580Z"}
{"level":"info","message":"status pypi200","timestamp":"2017-10-12T06:27:40.798Z"}
{"level":"debug","message":"response pypi[object Object]","timestamp":"2017-10-12T06:27:40.798Z"}
{"level":"info","message":"status pypi200","timestamp":"2017-10-12T06:27:41.157Z"}
{"level":"debug","message":"response pypi[object Object]","timestamp":"2017-10-12T06:27:41.157Z"}
{"level":"info","message":"status pypi200","timestamp":"2017-10-12T06:27:41.235Z"}
{"level":"debug","message":"response pypi[object Object]","timestamp":"2017-10-12T06:27:41.236Z"}
{"level":"info","message":"status pypi200","timestamp":"2017-10-12T06:27:41.429Z"}
{"level":"debug","message":"response pypi[object Object]","timestamp":"2017-10-12T06:27:41.430Z"}
{"level":"info","message":"status pypi200","timestamp":"2017-10-12T06:27:41.565Z"}
{"level":"debug","message":"response pypi[object Object]","timestamp":"2017-10-12T06:27:41.565Z"}
{"level":"info","message":"status pypi200","timestamp":"2017-10-12T06:27:41.817Z"}
{"level":"debug","message":"response pypi[object Object]","timestamp":"2017-10-12T06:27:41.817Z"}
{"level":"info","message":"status pypi200","timestamp":"2017-10-12T06:27:41.926Z"}
{"level":"debug","message":"response pypi[object Object]","timestamp":"2017-10-12T06:27:41.926Z"}
{"level":"info","message":"status pypi200","timestamp":"2017-10-12T06:27:41.970Z"}
{"level":"debug","message":"response pypi[object Object]","timestamp":"2017-10-12T06:27:41.970Z"}
{"level":"info","message":"status pypi200","timestamp":"2017-10-12T06:27:42.136Z"}
{"level":"debug","message":"response pypi[object Object]","timestamp":"2017-10-12T06:27:42.136Z"}
{"level":"info","message":"status pypi200","timestamp":"2017-10-12T06:27:42.406Z"}
{"level":"debug","message":"response pypi[object Object]","timestamp":"2017-10-12T06:27:42.407Z"}
{"level":"info","message":"status pypi200","timestamp":"2017-10-12T06:27:42.581Z"}
{"level":"debug","message":"response pypi[object Object]","timestamp":"2017-10-12T06:27:42.581Z"}
{"level":"info","message":"status pypi200","timestamp":"2017-10-12T06:27:42.640Z"}
{"level":"debug","message":"response pypi[object Object]","timestamp":"2017-10-12T06:27:42.641Z"}
{"level":"info","message":"status pypi200","timestamp":"2017-10-12T06:27:42.815Z"}
{"level":"debug","message":"response pypi[object Object]","timestamp":"2017-10-12T06:27:42.815Z"}
{"level":"info","message":"status pypi200","timestamp":"2017-10-12T06:27:43.094Z"}
{"level":"debug","message":"response pypi[object Object]","timestamp":"2017-10-12T06:27:43.094Z"}
{"level":"info","message":"status pypi200","timestamp":"2017-10-12T06:27:43.149Z"}
{"level":"debug","message":"response pypi[object Object]","timestamp":"2017-10-12T06:27:43.149Z"}
{"level":"info","message":"status pypi200","timestamp":"2017-10-12T06:27:43.234Z"}
{"level":"debug","message":"response pypi[object Object]","timestamp":"2017-10-12T06:27:43.234Z"}
{"level":"info","message":"status pypi200","timestamp":"2017-10-12T06:27:43.587Z"}
{"level":"debug","message":"response pypi[object Object]","timestamp":"2017-10-12T06:27:43.587Z"}
{"level":"info","message":"status pypi200","timestamp":"2017-10-12T06:27:43.769Z"}
{"level":"debug","message":"response pypi[object Object]","timestamp":"2017-10-12T06:27:43.769Z"}
{"level":"info","message":"status pypi200","timestamp":"2017-10-12T06:27:43.796Z"}
{"level":"debug","message":"response pypi[object Object]","timestamp":"2017-10-12T06:27:43.797Z"}
{"level":"info","message":"status pypi200","timestamp":"2017-10-12T06:27:43.998Z"}
{"level":"debug","message":"response pypi[object Object]","timestamp":"2017-10-12T06:27:43.998Z"}
{"level":"info","message":"status pypi200","timestamp":"2017-10-12T06:27:44.177Z"}
{"level":"debug","message":"response pypi[object Object]","timestamp":"2017-10-12T06:27:44.177Z"}
{"level":"info","message":"status pypi200","timestamp":"2017-10-12T06:27:44.344Z"}
{"level":"debug","message":"response pypi[object Object]","timestamp":"2017-10-12T06:27:44.345Z"}
{"level":"info","message":"status pypi200","timestamp":"2017-10-12T06:27:44.378Z"}
{"level":"debug","message":"response pypi[object Object]","timestamp":"2017-10-12T06:27:44.378Z"}
{"level":"info","message":"status pypi404","timestamp":"2017-10-12T06:27:44.459Z"}
{"level":"info","message":"status pypi200","timestamp":"2017-10-12T06:27:45.086Z"}
{"level":"debug","message":"response pypi[object Object]","timestamp":"2017-10-12T06:27:45.086Z"}
{"level":"info","message":"status pypi200","timestamp":"2017-10-12T06:27:45.159Z"}
{"level":"debug","message":"response pypi[object Object]","timestamp":"2017-10-12T06:27:45.159Z"}
{"level":"info","message":"status pypi200","timestamp":"2017-10-12T06:27:45.497Z"}
{"level":"debug","message":"response pypi[object Object]","timestamp":"2017-10-12T06:27:45.497Z"}
{"level":"info","message":"status pypi200","timestamp":"2017-10-12T06:27:45.564Z"}
{"level":"debug","message":"response pypi[object Object]","timestamp":"2017-10-12T06:27:45.564Z"}
{"level":"info","message":"status pypi200","timestamp":"2017-10-12T06:27:46.128Z"}
{"level":"debug","message":"response pypi[object Object]","timestamp":"2017-10-12T06:27:46.128Z"}
{"level":"info","message":"status pypi200","timestamp":"2017-10-12T06:27:46.617Z"}
{"level":"debug","message":"response pypi[object Object]","timestamp":"2017-10-12T06:27:46.617Z"}
{"level":"info","message":"status pypi200","timestamp":"2017-10-12T06:27:46.964Z"}
{"level":"debug","message":"response pypi[object Object]","timestamp":"2017-10-12T06:27:46.964Z"}
{"level":"info","message":"status pypi200","timestamp":"2017-10-12T06:27:47.033Z"}
{"level":"debug","message":"response pypi[object Object]","timestamp":"2017-10-12T06:27:47.033Z"}
{"level":"info","message":"status pypi200","timestamp":"2017-10-12T06:27:47.072Z"}
{"level":"debug","message":"response pypi[object Object]","timestamp":"2017-10-12T06:27:47.073Z"}
{"level":"info","message":"status pypi200","timestamp":"2017-10-12T06:27:47.442Z"}
{"level":"debug","message":"response pypi[object Object]","timestamp":"2017-10-12T06:27:47.443Z"}
{"level":"info","message":"status pypi200","timestamp":"2017-10-12T06:27:47.800Z"}
{"level":"debug","message":"response pypi[object Object]","timestamp":"2017-10-12T06:27:47.801Z"}
{"level":"info","message":"status pypi200","timestamp":"2017-10-12T06:27:47.859Z"}
{"level":"debug","message":"response pypi[object Object]","timestamp":"2017-10-12T06:27:47.859Z"}
{"level":"info","message":"status pypi200","timestamp":"2017-10-12T06:27:48.209Z"}
{"level":"debug","message":"response pypi[object Object]","timestamp":"2017-10-12T06:27:48.209Z"}
{"level":"info","message":"status pypi200","timestamp":"2017-10-12T06:27:48.392Z"}
{"level":"debug","message":"response pypi[object Object]","timestamp":"2017-10-12T06:27:48.393Z"}
{"level":"info","message":"status pypi200","timestamp":"2017-10-12T06:27:48.842Z"}
{"level":"debug","message":"response pypi[object Object]","timestamp":"2017-10-12T06:27:48.842Z"}
{"level":"info","message":"status pypi200","timestamp":"2017-10-12T06:27:48.961Z"}
{"level":"debug","message":"response pypi[object Object]","timestamp":"2017-10-12T06:27:48.961Z"}
{"level":"info","message":"status pypi200","timestamp":"2017-10-12T06:27:49.540Z"}
{"level":"debug","message":"response pypi[object Object]","timestamp":"2017-10-12T06:27:49.540Z"}
{"level":"info","message":"status pypi200","timestamp":"2017-10-12T06:27:49.723Z"}
{"level":"debug","message":"response pypi[object Object]","timestamp":"2017-10-12T06:27:49.724Z"}
{"level":"info","message":"status pypi200","timestamp":"2017-10-12T06:27:50.723Z"}
{"level":"debug","message":"response pypi[object Object]","timestamp":"2017-10-12T06:27:50.724Z"}
{"level":"info","message":"status pypi200","timestamp":"2017-10-12T06:27:50.732Z"}
{"level":"debug","message":"response pypi[object Object]","timestamp":"2017-10-12T06:27:50.732Z"}
{"level":"info","message":"status pypi200","timestamp":"2017-10-12T06:27:50.853Z"}
{"level":"debug","message":"response pypi[object Object]","timestamp":"2017-10-12T06:27:50.853Z"}
{"level":"info","message":"status pypi200","timestamp":"2017-10-12T06:27:50.866Z"}
{"level":"debug","message":"response pypi[object Object]","timestamp":"2017-10-12T06:27:50.866Z"}
{"level":"info","message":"status pypi200","timestamp":"2017-10-12T06:27:51.455Z"}
{"level":"debug","message":"response pypi[object Object]","timestamp":"2017-10-12T06:27:51.455Z"}
{"level":"info","message":"status pypi200","timestamp":"2017-10-12T06:27:51.567Z"}
{"level":"debug","message":"response pypi[object Object]","timestamp":"2017-10-12T06:27:51.567Z"}
{"level":"info","message":"status pypi200","timestamp":"2017-10-12T06:27:51.784Z"}
{"level":"debug","message":"response pypi[object Object]","timestamp":"2017-10-12T06:27:51.784Z"}
{"level":"info","message":"status pypi200","timestamp":"2017-10-12T06:27:51.913Z"}
{"level":"debug","message":"response pypi[object Object]","timestamp":"2017-10-12T06:27:51.913Z"}
{"level":"info","message":"status pypi200","timestamp":"2017-10-12T06:27:52.174Z"}
{"level":"debug","message":"response pypi[object Object]","timestamp":"2017-10-12T06:27:52.174Z"}
{"level":"info","message":"status pypi200","timestamp":"2017-10-12T06:27:52.327Z"}
{"level":"debug","message":"response pypi[object Object]","timestamp":"2017-10-12T06:27:52.327Z"}
{"level":"info","message":"status pypi200","timestamp":"2017-10-12T06:27:52.460Z"}
{"level":"debug","message":"response pypi[object Object]","timestamp":"2017-10-12T06:27:52.460Z"}
{"level":"info","message":"status pypi200","timestamp":"2017-10-12T06:27:52.673Z"}
{"level":"debug","message":"response pypi[object Object]","timestamp":"2017-10-12T06:27:52.674Z"}
{"level":"info","message":"status pypi200","timestamp":"2017-10-12T06:27:52.966Z"}
{"level":"debug","message":"response pypi[object Object]","timestamp":"2017-10-12T06:27:52.966Z"}
{"level":"info","message":"status pypi200","timestamp":"2017-10-12T06:27:53.148Z"}
{"level":"debug","message":"response pypi[object Object]","timestamp":"2017-10-12T06:27:53.148Z"}
{"level":"info","message":"status pypi200","timestamp":"2017-10-12T06:27:53.398Z"}
{"level":"debug","message":"response pypi[object Object]","timestamp":"2017-10-12T06:27:53.398Z"}
{"level":"info","message":"status pypi200","timestamp":"2017-10-12T06:27:53.753Z"}
{"level":"debug","message":"response pypi[object Object]","timestamp":"2017-10-12T06:27:53.753Z"}
{"level":"info","message":"status pypi200","timestamp":"2017-10-12T06:27:53.882Z"}
{"level":"debug","message":"response pypi[object Object]","timestamp":"2017-10-12T06:27:53.882Z"}
{"level":"info","message":"status pypi200","timestamp":"2017-10-12T06:27:54.235Z"}
{"level":"debug","message":"response pypi[object Object]","timestamp":"2017-10-12T06:27:54.235Z"}
{"level":"info","message":"status pypi200","timestamp":"2017-10-12T06:27:54.352Z"}
{"level":"debug","message":"response pypi[object Object]","timestamp":"2017-10-12T06:27:54.352Z"}
{"level":"info","message":"status pypi200","timestamp":"2017-10-12T06:27:54.353Z"}
{"level":"debug","message":"response pypi[object Object]","timestamp":"2017-10-12T06:27:54.353Z"}
{"level":"info","message":"status pypi200","timestamp":"2017-10-12T06:27:55.321Z"}
{"level":"debug","message":"response pypi[object Object]","timestamp":"2017-10-12T06:27:55.321Z"}
{"level":"info","message":"status pypi200","timestamp":"2017-10-12T06:27:55.322Z"}
{"level":"debug","message":"response pypi[object Object]","timestamp":"2017-10-12T06:27:55.322Z"}
{"level":"info","message":"status pypi200","timestamp":"2017-10-12T06:27:55.673Z"}
{"level":"debug","message":"response pypi[object Object]","timestamp":"2017-10-12T06:27:55.673Z"}
{"level":"info","message":"status pypi200","timestamp":"2017-10-12T06:27:55.719Z"}
{"level":"debug","message":"response pypi[object Object]","timestamp":"2017-10-12T06:27:55.719Z"}
{"level":"info","message":"status pypi404","timestamp":"2017-10-12T06:27:55.847Z"}
{"level":"info","message":"status pypi200","timestamp":"2017-10-12T06:27:55.967Z"}
{"level":"debug","message":"response pypi[object Object]","timestamp":"2017-10-12T06:27:55.967Z"}
{"level":"info","message":"status pypi404","timestamp":"2017-10-12T06:27:56.213Z"}
{"level":"info","message":"status pypi404","timestamp":"2017-10-12T06:27:56.225Z"}
{"level":"info","message":"status pypi404","timestamp":"2017-10-12T06:27:56.680Z"}
{"level":"info","message":"status pypi404","timestamp":"2017-10-12T06:27:56.752Z"}
{"level":"info","message":"status pypi404","timestamp":"2017-10-12T06:27:57.102Z"}
{"level":"debug","message":"on file open git:/Users/asrisail/Documents/Arun/Works/Forked/3scale-admin-gateway/README.md","timestamp":"2017-10-12T06:28:05.647Z"}
{"level":"debug","message":"on change git:/Users/asrisail/Documents/Arun/Works/Forked/3scale-admin-gateway/README.md","timestamp":"2017-10-12T06:28:05.883Z"}
{"level":"debug","message":"on change git:/Users/asrisail/Documents/Arun/Works/Forked/3scale-admin-gateway/README.md","timestamp":"2017-10-12T06:28:06.859Z"}
